Analysis & Synthesis report for milestone_1
Sun Sep 07 20:54:00 2025
Quartus Prime Version 18.1.0 Build 625 09/12/2018 SJ Lite Edition


---------------------
; Table of Contents ;
---------------------
  1. Legal Notice
  2. Analysis & Synthesis Summary
  3. Analysis & Synthesis Settings
  4. Parallel Compilation
  5. Analysis & Synthesis Source Files Read
  6. Analysis & Synthesis Resource Usage Summary
  7. Analysis & Synthesis Resource Utilization by Entity
  8. State Machine - |milestone_1|state_q
  9. Registers Removed During Synthesis
 10. General Register Statistics
 11. Multiplexer Restructuring Statistics (Restructuring Performed)
 12. Port Connectivity Checks: "adder3bit:comparator"
 13. Port Connectivity Checks: "adder3bit:accumulate|adder:u4"
 14. Port Connectivity Checks: "adder3bit:accumulate"
 15. Post-Synthesis Netlist Statistics for Top Partition
 16. Elapsed Time Per Partition
 17. Analysis & Synthesis Messages
 18. Analysis & Synthesis Suppressed Messages



----------------
; Legal Notice ;
----------------
Copyright (C) 2018  Intel Corporation. All rights reserved.
Your use of Intel Corporation's design tools, logic functions 
and other software and tools, and its AMPP partner logic 
functions, and any output files from any of the foregoing 
(including device programming or simulation files), and any 
associated documentation or information are expressly subject 
to the terms and conditions of the Intel Program License 
Subscription Agreement, the Intel Quartus Prime License Agreement,
the Intel FPGA IP License Agreement, or other applicable license
agreement, including, without limitation, that your use is for
the sole purpose of programming logic devices manufactured by
Intel and sold by Intel or its authorized distributors.  Please
refer to the applicable agreement for further details.



+-------------------------------------------------------------------------------+
; Analysis & Synthesis Summary                                                  ;
+---------------------------------+---------------------------------------------+
; Analysis & Synthesis Status     ; Successful - Sun Sep 07 20:54:00 2025       ;
; Quartus Prime Version           ; 18.1.0 Build 625 09/12/2018 SJ Lite Edition ;
; Revision Name                   ; milestone_1                                 ;
; Top-level Entity Name           ; milestone_1                                 ;
; Family                          ; Cyclone V                                   ;
; Logic utilization (in ALMs)     ; N/A                                         ;
; Total registers                 ; 11                                          ;
; Total pins                      ; 18                                          ;
; Total virtual pins              ; 0                                           ;
; Total block memory bits         ; 0                                           ;
; Total DSP Blocks                ; 0                                           ;
; Total HSSI RX PCSs              ; 0                                           ;
; Total HSSI PMA RX Deserializers ; 0                                           ;
; Total HSSI TX PCSs              ; 0                                           ;
; Total HSSI PMA TX Serializers   ; 0                                           ;
; Total PLLs                      ; 0                                           ;
; Total DLLs                      ; 0                                           ;
+---------------------------------+---------------------------------------------+


+---------------------------------------------------------------------------------------------------------------------------+
; Analysis & Synthesis Settings                                                                                             ;
+---------------------------------------------------------------------------------+--------------------+--------------------+
; Option                                                                          ; Setting            ; Default Value      ;
+---------------------------------------------------------------------------------+--------------------+--------------------+
; Device                                                                          ; 5CSXFC6D6F31C6     ;                    ;
; Top-level entity name                                                           ; milestone_1        ; milestone_1        ;
; Family name                                                                     ; Cyclone V          ; Cyclone V          ;
; Use smart compilation                                                           ; Off                ; Off                ;
; Enable parallel Assembler and Timing Analyzer during compilation                ; On                 ; On                 ;
; Enable compact report table                                                     ; Off                ; Off                ;
; Restructure Multiplexers                                                        ; Auto               ; Auto               ;
; MLAB Add Timing Constraints For Mixed-Port Feed-Through Mode Setting Don't Care ; Off                ; Off                ;
; Create Debugging Nodes for IP Cores                                             ; Off                ; Off                ;
; Preserve fewer node names                                                       ; On                 ; On                 ;
; Intel FPGA IP Evaluation Mode                                                   ; Enable             ; Enable             ;
; Verilog Version                                                                 ; Verilog_2001       ; Verilog_2001       ;
; VHDL Version                                                                    ; VHDL_1993          ; VHDL_1993          ;
; State Machine Processing                                                        ; Auto               ; Auto               ;
; Safe State Machine                                                              ; Off                ; Off                ;
; Extract Verilog State Machines                                                  ; On                 ; On                 ;
; Extract VHDL State Machines                                                     ; On                 ; On                 ;
; Ignore Verilog initial constructs                                               ; Off                ; Off                ;
; Iteration limit for constant Verilog loops                                      ; 5000               ; 5000               ;
; Iteration limit for non-constant Verilog loops                                  ; 250                ; 250                ;
; Add Pass-Through Logic to Inferred RAMs                                         ; On                 ; On                 ;
; Infer RAMs from Raw Logic                                                       ; On                 ; On                 ;
; Parallel Synthesis                                                              ; On                 ; On                 ;
; DSP Block Balancing                                                             ; Auto               ; Auto               ;
; NOT Gate Push-Back                                                              ; On                 ; On                 ;
; Power-Up Don't Care                                                             ; On                 ; On                 ;
; Remove Redundant Logic Cells                                                    ; Off                ; Off                ;
; Remove Duplicate Registers                                                      ; On                 ; On                 ;
; Ignore CARRY Buffers                                                            ; Off                ; Off                ;
; Ignore CASCADE Buffers                                                          ; Off                ; Off                ;
; Ignore GLOBAL Buffers                                                           ; Off                ; Off                ;
; Ignore ROW GLOBAL Buffers                                                       ; Off                ; Off                ;
; Ignore LCELL Buffers                                                            ; Off                ; Off                ;
; Ignore SOFT Buffers                                                             ; On                 ; On                 ;
; Limit AHDL Integers to 32 Bits                                                  ; Off                ; Off                ;
; Optimization Technique                                                          ; Balanced           ; Balanced           ;
; Carry Chain Length                                                              ; 70                 ; 70                 ;
; Auto Carry Chains                                                               ; On                 ; On                 ;
; Auto Open-Drain Pins                                                            ; On                 ; On                 ;
; Perform WYSIWYG Primitive Resynthesis                                           ; Off                ; Off                ;
; Auto ROM Replacement                                                            ; On                 ; On                 ;
; Auto RAM Replacement                                                            ; On                 ; On                 ;
; Auto DSP Block Replacement                                                      ; On                 ; On                 ;
; Auto Shift Register Replacement                                                 ; Auto               ; Auto               ;
; Allow Shift Register Merging across Hierarchies                                 ; Auto               ; Auto               ;
; Auto Clock Enable Replacement                                                   ; On                 ; On                 ;
; Strict RAM Replacement                                                          ; Off                ; Off                ;
; Allow Synchronous Control Signals                                               ; On                 ; On                 ;
; Force Use of Synchronous Clear Signals                                          ; Off                ; Off                ;
; Auto Resource Sharing                                                           ; Off                ; Off                ;
; Allow Any RAM Size For Recognition                                              ; Off                ; Off                ;
; Allow Any ROM Size For Recognition                                              ; Off                ; Off                ;
; Allow Any Shift Register Size For Recognition                                   ; Off                ; Off                ;
; Use LogicLock Constraints during Resource Balancing                             ; On                 ; On                 ;
; Ignore translate_off and synthesis_off directives                               ; Off                ; Off                ;
; Timing-Driven Synthesis                                                         ; On                 ; On                 ;
; Report Parameter Settings                                                       ; On                 ; On                 ;
; Report Source Assignments                                                       ; On                 ; On                 ;
; Report Connectivity Checks                                                      ; On                 ; On                 ;
; Ignore Maximum Fan-Out Assignments                                              ; Off                ; Off                ;
; Synchronization Register Chain Length                                           ; 3                  ; 3                  ;
; Power Optimization During Synthesis                                             ; Normal compilation ; Normal compilation ;
; HDL message level                                                               ; Level2             ; Level2             ;
; Suppress Register Optimization Related Messages                                 ; Off                ; Off                ;
; Number of Removed Registers Reported in Synthesis Report                        ; 5000               ; 5000               ;
; Number of Swept Nodes Reported in Synthesis Report                              ; 5000               ; 5000               ;
; Number of Inverted Registers Reported in Synthesis Report                       ; 100                ; 100                ;
; Clock MUX Protection                                                            ; On                 ; On                 ;
; Auto Gated Clock Conversion                                                     ; Off                ; Off                ;
; Block Design Naming                                                             ; Auto               ; Auto               ;
; SDC constraint protection                                                       ; Off                ; Off                ;
; Synthesis Effort                                                                ; Auto               ; Auto               ;
; Shift Register Replacement - Allow Asynchronous Clear Signal                    ; On                 ; On                 ;
; Pre-Mapping Resynthesis Optimization                                            ; Off                ; Off                ;
; Analysis & Synthesis Message Level                                              ; Medium             ; Medium             ;
; Disable Register Merging Across Hierarchies                                     ; Auto               ; Auto               ;
; Resource Aware Inference For Block RAM                                          ; On                 ; On                 ;
; Automatic Parallel Synthesis                                                    ; On                 ; On                 ;
; Partial Reconfiguration Bitstream ID                                            ; Off                ; Off                ;
+---------------------------------------------------------------------------------+--------------------+--------------------+


+------------------------------------------+
; Parallel Compilation                     ;
+----------------------------+-------------+
; Processors                 ; Number      ;
+----------------------------+-------------+
; Number detected on machine ; 12          ;
; Maximum allowed            ; 8           ;
;                            ;             ;
; Average used               ; 1.00        ;
; Maximum used               ; 8           ;
;                            ;             ;
; Usage by Processor         ; % Time Used ;
;     Processor 1            ; 100.0%      ;
;     Processors 2-8         ;   0.0%      ;
+----------------------------+-------------+


+----------------------------------------------------------------------------------------------------------------------------------------------------+
; Analysis & Synthesis Source Files Read                                                                                                             ;
+----------------------------------+-----------------+------------------------------+------------------------------------------------------+---------+
; File Name with User-Entered Path ; Used in Netlist ; File Type                    ; File Name with Absolute Path                         ; Library ;
+----------------------------------+-----------------+------------------------------+------------------------------------------------------+---------+
; milestone_1.sv                   ; yes             ; User SystemVerilog HDL File  ; C:/Users/Muy/Downloads/vendingmachine/milestone_1.sv ;         ;
; coin_insert.sv                   ; yes             ; User SystemVerilog HDL File  ; C:/Users/Muy/Downloads/vendingmachine/coin_insert.sv ;         ;
; adder3bit.sv                     ; yes             ; User SystemVerilog HDL File  ; C:/Users/Muy/Downloads/vendingmachine/adder3bit.sv   ;         ;
; adder.sv                         ; yes             ; User SystemVerilog HDL File  ; C:/Users/Muy/Downloads/vendingmachine/adder.sv       ;         ;
+----------------------------------+-----------------+------------------------------+------------------------------------------------------+---------+


+---------------------------------------------------------+
; Analysis & Synthesis Resource Usage Summary             ;
+---------------------------------------------+-----------+
; Resource                                    ; Usage     ;
+---------------------------------------------+-----------+
; Estimate of Logic utilization (ALMs needed) ; 10        ;
;                                             ;           ;
; Combinational ALUT usage for logic          ; 16        ;
;     -- 7 input functions                    ; 0         ;
;     -- 6 input functions                    ; 3         ;
;     -- 5 input functions                    ; 2         ;
;     -- 4 input functions                    ; 2         ;
;     -- <=3 input functions                  ; 9         ;
;                                             ;           ;
; Dedicated logic registers                   ; 11        ;
;                                             ;           ;
; I/O pins                                    ; 18        ;
;                                             ;           ;
; Total DSP Blocks                            ; 0         ;
;                                             ;           ;
; Maximum fan-out node                        ; rst~input ;
; Maximum fan-out                             ; 14        ;
; Total fan-out                               ; 125       ;
; Average fan-out                             ; 1.98      ;
+---------------------------------------------+-----------+


+-------------------------------------------------------------------------------------------------------------------------------------------------------------------------------------------------------------------+
; Analysis & Synthesis Resource Utilization by Entity                                                                                                                                                               ;
+--------------------------------+---------------------+---------------------------+-------------------+------------+------+--------------+--------------------------------------------+-------------+--------------+
; Compilation Hierarchy Node     ; Combinational ALUTs ; Dedicated Logic Registers ; Block Memory Bits ; DSP Blocks ; Pins ; Virtual Pins ; Full Hierarchy Name                        ; Entity Name ; Library Name ;
+--------------------------------+---------------------+---------------------------+-------------------+------------+------+--------------+--------------------------------------------+-------------+--------------+
; |milestone_1                   ; 16 (11)             ; 11 (11)                   ; 0                 ; 0          ; 18   ; 0            ; |milestone_1                               ; milestone_1 ; work         ;
;    |adder3bit:accumulate|      ; 3 (0)               ; 0 (0)                     ; 0                 ; 0          ; 0    ; 0            ; |milestone_1|adder3bit:accumulate          ; adder3bit   ; work         ;
;       |adder:u1|               ; 1 (1)               ; 0 (0)                     ; 0                 ; 0          ; 0    ; 0            ; |milestone_1|adder3bit:accumulate|adder:u1 ; adder       ; work         ;
;       |adder:u2|               ; 2 (2)               ; 0 (0)                     ; 0                 ; 0          ; 0    ; 0            ; |milestone_1|adder3bit:accumulate|adder:u2 ; adder       ; work         ;
;    |adder3bit:comparator|      ; 1 (0)               ; 0 (0)                     ; 0                 ; 0          ; 0    ; 0            ; |milestone_1|adder3bit:comparator          ; adder3bit   ; work         ;
;       |adder:u3|               ; 1 (1)               ; 0 (0)                     ; 0                 ; 0          ; 0    ; 0            ; |milestone_1|adder3bit:comparator|adder:u3 ; adder       ; work         ;
;    |coin_insert:coin_insert_1| ; 1 (1)               ; 0 (0)                     ; 0                 ; 0          ; 0    ; 0            ; |milestone_1|coin_insert:coin_insert_1     ; coin_insert ; work         ;
+--------------------------------+---------------------+---------------------------+-------------------+------------+------+--------------+--------------------------------------------+-------------+--------------+
Note: For table entries with two numbers listed, the numbers in parentheses indicate the number of resources of the given type used by the specific entity alone. The numbers listed outside of parentheses indicate the total resources of the given type used by the specific entity and all of its sub-entities in the hierarchy.


Encoding Type:  One-Hot
+----------------------------------------------------------------------+
; State Machine - |milestone_1|state_q                                 ;
+--------------------+-------------+--------------+--------------------+
; Name               ; state_q.RST ; state_q.DONE ; state_q.ACCUMULATE ;
+--------------------+-------------+--------------+--------------------+
; state_q.RST        ; 0           ; 0            ; 0                  ;
; state_q.ACCUMULATE ; 1           ; 0            ; 1                  ;
; state_q.DONE       ; 1           ; 1            ; 0                  ;
+--------------------+-------------+--------------+--------------------+


+--------------------------------------------------------------------------------+
; Registers Removed During Synthesis                                             ;
+---------------------------------------+----------------------------------------+
; Register name                         ; Reason for Removal                     ;
+---------------------------------------+----------------------------------------+
; total[4]~reg0                         ; Stuck at GND due to stuck port data_in ;
; result_comp_q[4]                      ; Stuck at GND due to stuck port data_in ;
; Total Number of Removed Registers = 2 ;                                        ;
+---------------------------------------+----------------------------------------+


+------------------------------------------------------+
; General Register Statistics                          ;
+----------------------------------------------+-------+
; Statistic                                    ; Value ;
+----------------------------------------------+-------+
; Total registers                              ; 11    ;
; Number of registers using Synchronous Clear  ; 0     ;
; Number of registers using Synchronous Load   ; 0     ;
; Number of registers using Asynchronous Clear ; 11    ;
; Number of registers using Asynchronous Load  ; 0     ;
; Number of registers using Clock Enable       ; 4     ;
; Number of registers using Preset             ; 0     ;
+----------------------------------------------+-------+


+---------------------------------------------------------------------------------------------------------------------------------------------+
; Multiplexer Restructuring Statistics (Restructuring Performed)                                                                              ;
+--------------------+-----------+---------------+----------------------+------------------------+------------+-------------------------------+
; Multiplexer Inputs ; Bus Width ; Baseline Area ; Area if Restructured ; Saving if Restructured ; Registered ; Example Multiplexer Output    ;
+--------------------+-----------+---------------+----------------------+------------------------+------------+-------------------------------+
; 3:1                ; 2 bits    ; 4 LEs         ; 4 LEs                ; 0 LEs                  ; Yes        ; |milestone_1|result_comp_q[0] ;
+--------------------+-----------+---------------+----------------------+------------------------+------------+-------------------------------+


+------------------------------------------------------+
; Port Connectivity Checks: "adder3bit:comparator"     ;
+---------+--------+----------+------------------------+
; Port    ; Type   ; Severity ; Details                ;
+---------+--------+----------+------------------------+
; b[1..0] ; Input  ; Info     ; Stuck at GND           ;
; b[3]    ; Input  ; Info     ; Stuck at GND           ;
; b[2]    ; Input  ; Info     ; Stuck at VCC           ;
; cin     ; Input  ; Info     ; Stuck at VCC           ;
; cout    ; Output ; Info     ; Explicitly unconnected ;
+---------+--------+----------+------------------------+


+-----------------------------------------------------------+
; Port Connectivity Checks: "adder3bit:accumulate|adder:u4" ;
+------+-------+----------+---------------------------------+
; Port ; Type  ; Severity ; Details                         ;
+------+-------+----------+---------------------------------+
; a    ; Input ; Info     ; Stuck at GND                    ;
+------+-------+----------+---------------------------------+


+----------------------------------------------------------------------------------------------------------------------------------------------------------------------+
; Port Connectivity Checks: "adder3bit:accumulate"                                                                                                                     ;
+------+--------+----------+-------------------------------------------------------------------------------------------------------------------------------------------+
; Port ; Type   ; Severity ; Details                                                                                                                                   ;
+------+--------+----------+-------------------------------------------------------------------------------------------------------------------------------------------+
; b    ; Input  ; Warning  ; Input port expression (3 bits) is smaller than the input port (4 bits) it drives.  Extra input bit(s) "b[3..3]" will be connected to GND. ;
; cin  ; Input  ; Info     ; Stuck at GND                                                                                                                              ;
; cout ; Output ; Info     ; Connected to dangling logic. Logic that only feeds a dangling port will be removed.                                                       ;
+------+--------+----------+-------------------------------------------------------------------------------------------------------------------------------------------+


+-----------------------------------------------------+
; Post-Synthesis Netlist Statistics for Top Partition ;
+-----------------------+-----------------------------+
; Type                  ; Count                       ;
+-----------------------+-----------------------------+
; arriav_ff             ; 11                          ;
;     CLR               ; 7                           ;
;     ENA CLR           ; 4                           ;
; arriav_lcell_comb     ; 17                          ;
;     normal            ; 17                          ;
;         0 data inputs ; 1                           ;
;         2 data inputs ; 3                           ;
;         3 data inputs ; 6                           ;
;         4 data inputs ; 2                           ;
;         5 data inputs ; 2                           ;
;         6 data inputs ; 3                           ;
; boundary_port         ; 18                          ;
;                       ;                             ;
; Max LUT depth         ; 2.00                        ;
; Average LUT depth     ; 1.55                        ;
+-----------------------+-----------------------------+


+-------------------------------+
; Elapsed Time Per Partition    ;
+----------------+--------------+
; Partition Name ; Elapsed Time ;
+----------------+--------------+
; Top            ; 00:00:00     ;
+----------------+--------------+


+-------------------------------+
; Analysis & Synthesis Messages ;
+-------------------------------+
Info: *******************************************************************
Info: Running Quartus Prime Analysis & Synthesis
    Info: Version 18.1.0 Build 625 09/12/2018 SJ Lite Edition
    Info: Processing started: Sun Sep 07 20:53:47 2025
Info: Command: quartus_map --read_settings_files=on --write_settings_files=off milestone_1 -c milestone_1
Warning (18236): Number of processors has not been specified which may cause overloading on shared machines.  Set the global assignment NUM_PARALLEL_PROCESSORS in your QSF to an appropriate value for best performance.
Info (20030): Parallel compilation is enabled and will use 8 of the 8 processors detected
Info (12021): Found 1 design units, including 1 entities, in source file milestone_1.sv
    Info (12023): Found entity 1: milestone_1 File: C:/Users/Muy/Downloads/vendingmachine/milestone_1.sv Line: 1
Info (12021): Found 1 design units, including 1 entities, in source file coin_insert.sv
    Info (12023): Found entity 1: coin_insert File: C:/Users/Muy/Downloads/vendingmachine/coin_insert.sv Line: 1
Info (12021): Found 1 design units, including 1 entities, in source file tb.sv
    Info (12023): Found entity 1: tb File: C:/Users/Muy/Downloads/vendingmachine/tb.sv Line: 1
Info (12021): Found 1 design units, including 1 entities, in source file adder3bit.sv
    Info (12023): Found entity 1: adder3bit File: C:/Users/Muy/Downloads/vendingmachine/adder3bit.sv Line: 1
Info (12021): Found 1 design units, including 1 entities, in source file adder.sv
    Info (12023): Found entity 1: adder File: C:/Users/Muy/Downloads/vendingmachine/adder.sv Line: 1
Info (12127): Elaborating entity "milestone_1" for the top level hierarchy
Info (12128): Elaborating entity "coin_insert" for hierarchy "coin_insert:coin_insert_1" File: C:/Users/Muy/Downloads/vendingmachine/milestone_1.sv Line: 77
Info (10264): Verilog HDL Case Statement information at coin_insert.sv(6): all case item expressions in this case statement are onehot File: C:/Users/Muy/Downloads/vendingmachine/coin_insert.sv Line: 6
Info (12128): Elaborating entity "adder3bit" for hierarchy "adder3bit:accumulate" File: C:/Users/Muy/Downloads/vendingmachine/milestone_1.sv Line: 85
Info (12128): Elaborating entity "adder" for hierarchy "adder3bit:accumulate|adder:u0" File: C:/Users/Muy/Downloads/vendingmachine/adder3bit.sv Line: 10
Warning (12241): 1 hierarchies have connectivity warnings - see the Connectivity Checks report folder
Warning (13024): Output pins are stuck at VCC or GND
    Warning (13410): Pin "total[4]" is stuck at GND File: C:/Users/Muy/Downloads/vendingmachine/milestone_1.sv Line: 99
    Warning (13410): Pin "result_comp[4]" is stuck at GND File: C:/Users/Muy/Downloads/vendingmachine/milestone_1.sv Line: 5
Info (286030): Timing-Driven Synthesis is running
Info (144001): Generated suppressed messages file C:/Users/Muy/Downloads/vendingmachine/output_files/milestone_1.map.smsg
Info (16010): Generating hard_block partition "hard_block:auto_generated_inst"
    Info (16011): Adding 0 node(s), including 0 DDIO, 0 PLL, 0 transceiver and 0 LCELL
Info (21057): Implemented 36 device resources after synthesis - the final resource count might be different
    Info (21058): Implemented 5 input pins
    Info (21059): Implemented 13 output pins
    Info (21061): Implemented 18 logic cells
Info: Quartus Prime Analysis & Synthesis was successful. 0 errors, 5 warnings
    Info: Peak virtual memory: 4869 megabytes
    Info: Processing ended: Sun Sep 07 20:54:00 2025
    Info: Elapsed time: 00:00:13
    Info: Total CPU time (on all processors): 00:00:24


+------------------------------------------+
; Analysis & Synthesis Suppressed Messages ;
+------------------------------------------+
The suppressed messages can be found in C:/Users/Muy/Downloads/vendingmachine/output_files/milestone_1.map.smsg.


